app/build/intermediates/manifest_merge_blame_file/debug/manifest-merger-blame-debug-report.txt
1<?xml version="1.0" encoding="utf-8"?>
2<manifest xmlns:android="http://schemas.android.com/apk/res/android"
3    package="com.preview.planner"
4    android:versionCode="1"
5    android:versionName="1.0" >
6
7    <uses-sdk
8        android:minSdkVersion="16"
8-->src/main/AndroidManifest.xml
9        android:targetSdkVersion="28" />
9-->src/main/AndroidManifest.xml
10
11    <uses-permission android:name="android.permission.GET_ACCOUNTS" />
11-->src/main/AndroidManifest.xml:4:5-70
11-->src/main/AndroidManifest.xml:4:22-68
12    <uses-permission android:name="android.permission.INTERNET" />
12-->src/main/AndroidManifest.xml:5:5-66
12-->src/main/AndroidManifest.xml:5:22-64
13    <uses-permission android:name="android.permission.READ_EXTERNAL_STORAGE" />
13-->src/main/AndroidManifest.xml:6:5-79
13-->src/main/AndroidManifest.xml:6:22-77
14    <uses-permission android:name="android.permission.WRITE_EXTERNAL_STORAGE" />
14-->src/main/AndroidManifest.xml:7:5-80
14-->src/main/AndroidManifest.xml:7:22-78
15    <uses-permission android:name="android.permission.CAMERA" />
15-->[com.github.esafirm.android-image-picker:imagepicker:2.1.0] AndroidManifest.xml:13:5-65
15-->[com.github.esafirm.android-image-picker:imagepicker:2.1.0] AndroidManifest.xml:13:22-62
16
17    <application
17-->src/main/AndroidManifest.xml:8:5-33:19
18        android:name="com.preview.planner.UILApplication"
18-->src/main/AndroidManifest.xml:14:9-58
19        android:allowBackup="true"
19-->src/main/AndroidManifest.xml:9:9-35
20        android:appComponentFactory="androidx.core.app.CoreComponentFactory"
20-->[androidx.core:core:1.1.0] AndroidManifest.xml:24:18-86
21        android:debuggable="true"
22        android:icon="@mipmap/ic_launcher"
22-->src/main/AndroidManifest.xml:10:9-43
23        android:label="@string/app_name"
23-->src/main/AndroidManifest.xml:11:9-41
24        android:roundIcon="@mipmap/ic_launcher_round"
24-->src/main/AndroidManifest.xml:12:9-54
25        android:supportsRtl="true"
25-->src/main/AndroidManifest.xml:13:9-35
26        android:testOnly="true"
27        android:theme="@style/AppTheme" >
27-->src/main/AndroidManifest.xml:15:9-40
28        <activity
28-->src/main/AndroidManifest.xml:16:9-23:20
29            android:name="com.travels.searchtravels.activity.MainActivity"
29-->src/main/AndroidManifest.xml:16:19-56
30            android:screenOrientation="portrait" >
30-->src/main/AndroidManifest.xml:17:13-49
31            <intent-filter>
31-->src/main/AndroidManifest.xml:18:13-22:29
32                <action android:name="android.intent.action.MAIN" />
32-->src/main/AndroidManifest.xml:19:17-69
32-->src/main/AndroidManifest.xml:19:25-66
33
34                <category android:name="android.intent.category.LAUNCHER" />
34-->src/main/AndroidManifest.xml:21:17-77
34-->src/main/AndroidManifest.xml:21:27-74
35            </intent-filter>
36        </activity>
37        <activity
37-->src/main/AndroidManifest.xml:24:9-27:20
38            android:name="com.travels.searchtravels.activity.DetailsActivity"
38-->src/main/AndroidManifest.xml:24:19-59
39            android:screenOrientation="portrait" >
39-->src/main/AndroidManifest.xml:25:13-49
40        </activity>
41        <activity
41-->src/main/AndroidManifest.xml:28:9-31:20
42            android:name="com.travels.searchtravels.activity.ChipActivity"
42-->src/main/AndroidManifest.xml:28:19-56
43            android:screenOrientation="portrait" >
43-->src/main/AndroidManifest.xml:29:13-49
44        </activity>
45        <activity
45-->[com.github.esafirm.android-image-picker:rximagepicker:2.1.0] AndroidManifest.xml:12:9-16:75
46            android:name="com.esafirm.rximagepicker.ShadowActivity"
46-->[com.github.esafirm.android-image-picker:rximagepicker:2.1.0] AndroidManifest.xml:13:13-68
47            android:configChanges="keyboard|keyboardHidden|orientation|screenSize|screenLayout|smallestScreenSize|uiMode"
47-->[com.github.esafirm.android-image-picker:rximagepicker:2.1.0] AndroidManifest.xml:14:13-122
48            android:launchMode="singleTop"
48-->[com.github.esafirm.android-image-picker:rximagepicker:2.1.0] AndroidManifest.xml:15:13-43
49            android:theme="@android:style/Theme.Translucent.NoTitleBar" />
49-->[com.github.esafirm.android-image-picker:rximagepicker:2.1.0] AndroidManifest.xml:16:13-72
50        <activity
50-->[com.github.esafirm.android-image-picker:imagepicker:2.1.0] AndroidManifest.xml:16:9-19:50
51            android:name="com.esafirm.imagepicker.features.ImagePickerActivity"
51-->[com.github.esafirm.android-image-picker:imagepicker:2.1.0] AndroidManifest.xml:17:13-80
52            android:configChanges="orientation|screenSize"
52-->[com.github.esafirm.android-image-picker:imagepicker:2.1.0] AndroidManifest.xml:18:13-59
53            android:theme="@style/ef_AppTheme" />
53-->[com.github.esafirm.android-image-picker:imagepicker:2.1.0] AndroidManifest.xml:19:13-47
54
55        <provider
55-->[com.github.esafirm.android-image-picker:imagepicker:2.1.0] AndroidManifest.xml:21:9-29:20
56            android:name="com.esafirm.imagepicker.helper.ImagePickerFileProvider"
56-->[com.github.esafirm.android-image-picker:imagepicker:2.1.0] AndroidManifest.xml:22:13-82
57            android:authorities="com.preview.planner.imagepicker.provider"
57-->[com.github.esafirm.android-image-picker:imagepicker:2.1.0] AndroidManifest.xml:23:13-72
58            android:exported="false"
58-->[com.github.esafirm.android-image-picker:imagepicker:2.1.0] AndroidManifest.xml:24:13-37
59            android:grantUriPermissions="true" >
59-->[com.github.esafirm.android-image-picker:imagepicker:2.1.0] AndroidManifest.xml:25:13-47
60            <meta-data
60-->[com.github.esafirm.android-image-picker:imagepicker:2.1.0] AndroidManifest.xml:26:13-28:71
61                android:name="android.support.FILE_PROVIDER_PATHS"
61-->[com.github.esafirm.android-image-picker:imagepicker:2.1.0] AndroidManifest.xml:27:17-67
62                android:resource="@xml/image_picker_provider_paths" />
62-->[com.github.esafirm.android-image-picker:imagepicker:2.1.0] AndroidManifest.xml:28:17-68
63        </provider>
64        <provider
64-->[com.squareup.picasso:picasso:2.71828] AndroidManifest.xml:8:9-11:40
65            android:name="com.squareup.picasso.PicassoProvider"
65-->[com.squareup.picasso:picasso:2.71828] AndroidManifest.xml:9:13-64
66            android:authorities="com.preview.planner.com.squareup.picasso"
66-->[com.squareup.picasso:picasso:2.71828] AndroidManifest.xml:10:13-72
67            android:exported="false" />
67-->[com.squareup.picasso:picasso:2.71828] AndroidManifest.xml:11:13-37
68
69        <activity
69-->[com.google.android.gms:play-services-auth:11.8.0] AndroidManifest.xml:23:9-27:75
70            android:name="com.google.android.gms.auth.api.signin.internal.SignInHubActivity"
70-->[com.google.android.gms:play-services-auth:11.8.0] AndroidManifest.xml:24:13-93
71            android:excludeFromRecents="true"
71-->[com.google.android.gms:play-services-auth:11.8.0] AndroidManifest.xml:25:13-46
72            android:exported="false"
72-->[com.google.android.gms:play-services-auth:11.8.0] AndroidManifest.xml:26:13-37
73            android:theme="@android:style/Theme.Translucent.NoTitleBar" />
73-->[com.google.android.gms:play-services-auth:11.8.0] AndroidManifest.xml:27:13-72
74        <!--
75            Service handling Google Sign-In user revocation. For apps that do not integrate with
76            Google Sign-In, this service will never be started.
77        -->
78        <service
78-->[com.google.android.gms:play-services-auth:11.8.0] AndroidManifest.xml:33:9-36:110
79            android:name="com.google.android.gms.auth.api.signin.RevocationBoundService"
79-->[com.google.android.gms:play-services-auth:11.8.0] AndroidManifest.xml:34:13-89
80            android:exported="true"
80-->[com.google.android.gms:play-services-auth:11.8.0] AndroidManifest.xml:35:13-36
81            android:permission="com.google.android.gms.auth.api.signin.permission.REVOCATION_NOTIFICATION" />
81-->[com.google.android.gms:play-services-auth:11.8.0] AndroidManifest.xml:36:13-107
82
83        <activity
83-->[com.google.android.gms:play-services-base:11.8.0] AndroidManifest.xml:23:9-26:75
84            android:name="com.google.android.gms.common.api.GoogleApiActivity"
84-->[com.google.android.gms:play-services-base:11.8.0] AndroidManifest.xml:24:13-79
85            android:exported="false"
85-->[com.google.android.gms:play-services-base:11.8.0] AndroidManifest.xml:25:13-37
86            android:theme="@android:style/Theme.Translucent.NoTitleBar" />
86-->[com.google.android.gms:play-services-base:11.8.0] AndroidManifest.xml:26:13-72
87
88        <meta-data
88-->[com.google.android.gms:play-services-basement:11.8.0] AndroidManifest.xml:23:9-25:69
89            android:name="com.google.android.gms.version"
89-->[com.google.android.gms:play-services-basement:11.8.0] AndroidManifest.xml:24:13-58
90            android:value="@integer/google_play_services_version" />
90-->[com.google.android.gms:play-services-basement:11.8.0] AndroidManifest.xml:25:13-66
91    </application>
92
93</manifest>